[2025-02-06T14:47:40.435923+00:00] weather_logger.INFO: Données météorologiques récupérées pour : Suisse {"Température":2.4,"Condition":"Overcast"} []
[2025-02-06T14:54:24.491970+00:00] weather_logger.INFO: Données météorologiques récupérées pour : Geneve {"Température":3.1,"Condition":"Overcast"} []
[2025-02-06T14:56:39.056134+00:00] weather_logger.INFO: Données météorologiques récupérées pour : geneve {"Température":3.1,"Condition":"Overcast"} []
[2025-02-06T14:56:55.203663+00:00] weather_logger.INFO: Données météorologiques récupérées pour : Bangkok {"Température":28.3,"Condition":"Clear"} []
[2025-02-13T12:22:19.625559+00:00] weather_logger.INFO: Données météorologiques récupérées pour : Versoix {"Température":9.2,"Condition":"Moderate rain"} []
[2025-02-13T12:24:24.828676+00:00] weather_logger.INFO: Données météorologiques récupérées pour : Munich {"Température":3.2,"Condition":"Light rain"} []
[2025-02-13T12:37:20.013714+00:00] weather_logger.INFO: Données météorologiques récupérées pour : Munich {"Température":2.2,"Condition":"Light rain"} []
[2025-02-13T12:37:29.461170+00:00] weather_logger.INFO: Données météorologiques récupérées pour : Munich {"Température":2.2,"Condition":"Light rain"} []
[2025-02-13T12:37:37.903617+00:00] weather_logger.INFO: Données météorologiques récupérées pour : Berlin {"Température":-0.9,"Condition":"Patchy light snow"} []
[2025-02-13T12:37:59.948192+00:00] weather_logger.WARNING: Aucune donnée météorologique trouvée pour : Sao Paulo [] []
[2025-02-13T12:38:22.892963+00:00] weather_logger.INFO: Données météorologiques récupérées pour : Rio {"Température":31.1,"Condition":"Partly cloudy"} []
[2025-02-13T12:40:59.777444+00:00] weather_logger.INFO: Données météorologiques récupérées pour : Versoix {"Température":9.1,"Condition":"Light rain shower"} []
[2025-02-13T12:54:26.509739+00:00] weather_logger.INFO: Données météorologiques récupérées pour : Paris {"Température":6.2,"Condition":"Overcast"} []
[2025-02-13T12:55:20.454991+00:00] weather_logger.INFO: Données météorologiques récupérées pour : Geneve {"Température":9.1,"Condition":"Light rain shower"} []
[2025-02-13T12:56:00.215129+00:00] weather_logger.INFO: Données météorologiques récupérées pour : Geneve {"Température":9.1,"Condition":"Light rain shower"} []
[2025-02-13T12:56:45.286548+00:00] weather_logger.INFO: Données météorologiques récupérées pour : Geneve {"Température":9.1,"Condition":"Light rain shower"} []
[2025-02-13T12:56:58.923896+00:00] weather_logger.INFO: Données météorologiques récupérées pour : Geneve {"Température":9.1,"Condition":"Light rain shower"} []
[2025-02-13T12:57:12.255723+00:00] weather_logger.INFO: Données météorologiques récupérées pour : Paris {"Température":6.2,"Condition":"Overcast"} []
[2025-02-13T12:57:40.634918+00:00] weather_logger.INFO: Données météorologiques récupérées pour : Zimbabwe {"Température":24.5,"Condition":"Patchy light drizzle"} []
[2025-02-13T12:59:17.757372+00:00] weather_logger.INFO: Données météorologiques récupérées pour : Zimbabwe {"Température":24.5,"Condition":"Patchy light drizzle"} []
[2025-02-13T12:59:30.337382+00:00] weather_logger.INFO: Données météorologiques récupérées pour : geneve {"Température":9.1,"Condition":"Light rain shower"} []
[2025-02-13T12:59:39.771940+00:00] weather_logger.INFO: Données météorologiques récupérées pour : Zimbabwe {"Température":24.5,"Condition":"Patchy light drizzle"} []
[2025-02-13T12:59:59.834020+00:00] weather_logger.INFO: Données météorologiques récupérées pour : Rio {"Température":31.2,"Condition":"Partly cloudy"} []
[2025-02-13T13:02:46.256413+00:00] weather_logger.INFO: Données météorologiques récupérées pour : Rio {"Température":31.2,"Condition":"Partly cloudy"} []
[2025-02-13T13:02:47.108769+00:00] weather_logger.INFO: Données météorologiques récupérées pour : Rio {"Température":31.2,"Condition":"Partly cloudy"} []
[2025-02-13T13:02:47.609646+00:00] weather_logger.INFO: Données météorologiques récupérées pour : Rio {"Température":31.2,"Condition":"Partly cloudy"} []
[2025-02-13T13:02:47.637646+00:00] weather_logger.INFO: Données météorologiques récupérées pour : Rio {"Température":31.2,"Condition":"Partly cloudy"} []
[2025-02-13T13:02:47.670355+00:00] weather_logger.INFO: Données météorologiques récupérées pour : Rio {"Température":31.2,"Condition":"Partly cloudy"} []
[2025-02-13T13:02:47.699493+00:00] weather_logger.INFO: Données météorologiques récupérées pour : Rio {"Température":31.2,"Condition":"Partly cloudy"} []
[2025-02-13T13:02:47.752169+00:00] weather_logger.INFO: Données météorologiques récupérées pour : Rio {"Température":31.2,"Condition":"Partly cloudy"} []
[2025-02-13T13:02:47.776243+00:00] weather_logger.INFO: Données météorologiques récupérées pour : Rio {"Température":31.2,"Condition":"Partly cloudy"} []
[2025-02-13T13:02:47.813803+00:00] weather_logger.INFO: Données météorologiques récupérées pour : Rio {"Température":31.2,"Condition":"Partly cloudy"} []
[2025-02-13T13:02:47.842855+00:00] weather_logger.INFO: Données météorologiques récupérées pour : Rio {"Température":31.2,"Condition":"Partly cloudy"} []
[2025-02-13T13:02:47.894310+00:00] weather_logger.INFO: Données météorologiques récupérées pour : Rio {"Température":31.2,"Condition":"Partly cloudy"} []
[2025-02-13T13:02:47.915912+00:00] weather_logger.INFO: Données météorologiques récupérées pour : Rio {"Température":31.2,"Condition":"Partly cloudy"} []
[2025-02-13T13:02:47.956097+00:00] weather_logger.INFO: Données météorologiques récupérées pour : Rio {"Température":31.2,"Condition":"Partly cloudy"} []
[2025-02-13T13:02:47.989424+00:00] weather_logger.INFO: Données météorologiques récupérées pour : Rio {"Température":31.2,"Condition":"Partly cloudy"} []
[2025-02-13T13:02:48.038120+00:00] weather_logger.INFO: Données météorologiques récupérées pour : Rio {"Température":31.2,"Condition":"Partly cloudy"} []
[2025-02-13T13:02:48.053566+00:00] weather_logger.INFO: Données météorologiques récupérées pour : Rio {"Température":31.2,"Condition":"Partly cloudy"} []
[2025-02-13T13:05:13.895409+00:00] weather_logger.INFO: Données météorologiques récupérées pour : Rio {"Température":31.3,"Condition":"Partly cloudy"} []
[2025-02-13T13:07:21.072752+00:00] weather_logger.INFO: Données météorologiques récupérées pour : Geneve {"Température":9.2,"Condition":"Light rain shower"} []
[2025-02-13T13:08:21.100840+00:00] weather_logger.INFO: Données météorologiques récupérées pour : Geneve {"Température":9.2,"Condition":"Light rain shower"} []
[2025-02-13T13:09:10.888011+00:00] weather_logger.INFO: Données météorologiques récupérées pour : Geneve {"Température":9.2,"Condition":"Light rain shower"} []
[2025-02-13T13:10:21.261593+00:00] weather_logger.INFO: Données météorologiques récupérées pour : Geneve {"Température":9.2,"Condition":"Light rain shower"} []
[2025-02-13T13:10:21.996544+00:00] weather_logger.INFO: Données météorologiques récupérées pour : Geneve {"Température":9.2,"Condition":"Light rain shower"} []
[2025-02-13T13:10:22.518431+00:00] weather_logger.INFO: Données météorologiques récupérées pour : Geneve {"Température":9.2,"Condition":"Light rain shower"} []
[2025-02-13T13:10:22.577426+00:00] weather_logger.INFO: Données météorologiques récupérées pour : Geneve {"Température":9.2,"Condition":"Light rain shower"} []
[2025-02-13T13:10:22.602526+00:00] weather_logger.INFO: Données météorologiques récupérées pour : Geneve {"Température":9.2,"Condition":"Light rain shower"} []
[2025-02-13T13:10:22.608885+00:00] weather_logger.INFO: Données météorologiques récupérées pour : Geneve {"Température":9.2,"Condition":"Light rain shower"} []
[2025-02-13T13:10:22.658211+00:00] weather_logger.INFO: Données météorologiques récupérées pour : Geneve {"Température":9.2,"Condition":"Light rain shower"} []
[2025-02-13T13:10:22.676142+00:00] weather_logger.INFO: Données météorologiques récupérées pour : Geneve {"Température":9.2,"Condition":"Light rain shower"} []
[2025-02-13T13:10:22.705605+00:00] weather_logger.INFO: Données météorologiques récupérées pour : Geneve {"Température":9.2,"Condition":"Light rain shower"} []
[2025-02-13T13:10:25.652576+00:00] weather_logger.INFO: Données météorologiques récupérées pour : Geneve {"Température":9.2,"Condition":"Light rain shower"} []
[2025-02-13T13:10:38.622626+00:00] weather_logger.INFO: Données météorologiques récupérées pour : Geneve {"Température":9.2,"Condition":"Light rain shower"} []
[2025-02-13T13:11:52.699605+00:00] weather_logger.INFO: Données météorologiques récupérées pour : Geneve {"Température":9.2,"Condition":"Light rain shower"} []
[2025-02-13T13:12:02.665761+00:00] weather_logger.INFO: Données météorologiques récupérées pour : Geneve {"Température":9.2,"Condition":"Light rain shower"} []
[2025-02-13T13:12:17.065827+00:00] weather_logger.INFO: Données météorologiques récupérées pour : Geneve {"Température":9.2,"Condition":"Light rain shower"} []
[2025-02-13T13:12:27.225556+00:00] weather_logger.INFO: Données météorologiques récupérées pour : Geneve {"Température":9.2,"Condition":"Light rain shower"} []
[2025-02-13T13:12:40.026952+00:00] weather_logger.INFO: Données météorologiques récupérées pour : Geneve {"Température":9.2,"Condition":"Light rain shower"} []
[2025-02-13T13:14:54.223243+00:00] weather_logger.INFO: Données météorologiques récupérées pour : europe {"Température":17.2,"Condition":"Patchy rain nearby"} []
[2025-02-13T13:40:15.958104+00:00] weather_logger.INFO: Données météorologiques récupérées pour : Geneve {"Température":9.0,"Condition":"Moderate or heavy rain shower"} []
[2025-02-13T13:40:22.198212+00:00] weather_logger.INFO: Données météorologiques récupérées pour : Cuba {"Température":21.1,"Condition":"Sunny"} []
[2025-02-13T13:40:27.150644+00:00] weather_logger.INFO: Données météorologiques récupérées pour : Usa {"Température":3.2,"Condition":"Mist"} []
